# JRE version: OpenJDK Runtime Environment Corretto-11.0.17.8.1 (11.0.17+8) (build 11.0.17+8-LTS)
# Java VM: OpenJDK 64-Bit Server VM Corretto-11.0.17.8.1 (11.0.17+8-LTS, mixed mode, tiered, compressed oops, g1 gc, windows-amd64)
Heap:
 garbage-first heap   total 262144K, used 177873K [0x00000000e0000000, 0x0000000100000000)
  region size 1024K, 59 young (60416K), 16 survivors (16384K)
 Metaspace       used 72657K, capacity 74788K, committed 74920K, reserved 319488K
  class space    used 9415K, capacity 10119K, committed 10240K, reserved 253952K
GC Heap History (16 events):
Event: 0.505 GC heap before
{Heap before GC invocations=0 (full 0):
 garbage-first heap   total 262144K, used 29696K [0x00000000e0000000, 0x0000000100000000)
  region size 1024K, 24 young (24576K), 0 survivors (0K)
 Metaspace       used 10091K, capacity 10386K, committed 10624K, reserved 264192K
  class space    used 1030K, capacity 1104K, committed 1152K, reserved 253952K
}
Event: 0.508 GC heap after
{Heap after GC invocations=1 (full 0):
 garbage-first heap   total 262144K, used 9120K [0x00000000e0000000, 0x0000000100000000)
  region size 1024K, 3 young (3072K), 3 survivors (3072K)
 Metaspace       used 10091K, capacity 10386K, committed 10624K, reserved 264192K
  class space    used 1030K, capacity 1104K, committed 1152K, reserved 253952K
}
Event: 1.896 GC heap before
{Heap before GC invocations=1 (full 0):
 garbage-first heap   total 262144K, used 104352K [0x00000000e0000000, 0x0000000100000000)
  region size 1024K, 97 young (99328K), 3 survivors (3072K)
 Metaspace       used 20695K, capacity 21149K, committed 21296K, reserved 274432K
  class space    used 2509K, capacity 2663K, committed 2688K, reserved 253952K
}
Event: 1.906 GC heap after
{Heap after GC invocations=2 (full 0):
 garbage-first heap   total 262144K, used 16904K [0x00000000e0000000, 0x0000000100000000)
  region size 1024K, 11 young (11264K), 11 survivors (11264K)
 Metaspace       used 20695K, capacity 21149K, committed 21296K, reserved 274432K
  class space    used 2509K, capacity 2663K, committed 2688K, reserved 253952K
}
Event: 2.917 GC heap before
{Heap before GC invocations=3 (full 0):
 garbage-first heap   total 262144K, used 97800K [0x00000000e0000000, 0x0000000100000000)
  region size 1024K, 75 young (76800K), 11 survivors (11264K)
 Metaspace       used 27259K, capacity 28096K, committed 28336K, reserved 278528K
  class space    used 3561K, capacity 3821K, committed 3840K, reserved 253952K
}
Event: 2.924 GC heap after
{Heap after GC invocations=4 (full 0):
 garbage-first heap   total 262144K, used 37640K [0x00000000e0000000, 0x0000000100000000)
  region size 1024K, 5 young (5120K), 5 survivors (5120K)
 Metaspace       used 27259K, capacity 28096K, committed 28336K, reserved 278528K
  class space    used 3561K, capacity 3821K, committed 3840K, reserved 253952K
}
Event: 3.540 GC heap before
{Heap before GC invocations=4 (full 0):
 garbage-first heap   total 262144K, used 107272K [0x00000000e0000000, 0x0000000100000000)
  region size 1024K, 74 young (75776K), 5 survivors (5120K)
 Metaspace       used 34477K, capacity 35565K, committed 35632K, reserved 284672K
  class space    used 4568K, capacity 4961K, committed 4992K, reserved 253952K
}
Event: 3.547 GC heap after
{Heap after GC invocations=5 (full 0):
 garbage-first heap   total 262144K, used 39762K [0x00000000e0000000, 0x0000000100000000)
  region size 1024K, 8 young (8192K), 8 survivors (8192K)
 Metaspace       used 34477K, capacity 35565K, committed 35632K, reserved 284672K
  class space    used 4568K, capacity 4961K, committed 4992K, reserved 253952K
}
Event: 4.681 GC heap before
{Heap before GC invocations=6 (full 0):
 garbage-first heap   total 262144K, used 170834K [0x00000000e0000000, 0x0000000100000000)
  region size 1024K, 113 young (115712K), 8 survivors (8192K)
 Metaspace       used 45293K, capacity 46554K, committed 46768K, reserved 294912K
  class space    used 5668K, capacity 6097K, committed 6144K, reserved 253952K
}
Event: 4.691 GC heap after
{Heap after GC invocations=7 (full 0):
 garbage-first heap   total 262144K, used 69121K [0x00000000e0000000, 0x0000000100000000)
  region size 1024K, 15 young (15360K), 15 survivors (15360K)
 Metaspace       used 45293K, capacity 46554K, committed 46768K, reserved 294912K
  class space    used 5668K, capacity 6097K, committed 6144K, reserved 253952K
}
Event: 6.134 GC heap before
{Heap before GC invocations=7 (full 0):
 garbage-first heap   total 262144K, used 193025K [0x00000000e0000000, 0x0000000100000000)
  region size 1024K, 129 young (132096K), 15 survivors (15360K)
 Metaspace       used 57069K, capacity 58723K, committed 58928K, reserved 305152K
  class space    used 7418K, capacity 8023K, committed 8064K, reserved 253952K
}
Event: 6.145 GC heap after
{Heap after GC invocations=8 (full 0):
 garbage-first heap   total 262144K, used 84676K [0x00000000e0000000, 0x0000000100000000)
  region size 1024K, 17 young (17408K), 17 survivors (17408K)
 Metaspace       used 57069K, capacity 58723K, committed 58928K, reserved 305152K
  class space    used 7418K, capacity 8023K, committed 8064K, reserved 253952K
}
Event: 6.528 GC heap before
{Heap before GC invocations=8 (full 0):
 garbage-first heap   total 262144K, used 101060K [0x00000000e0000000, 0x0000000100000000)
  region size 1024K, 35 young (35840K), 17 survivors (17408K)
 Metaspace       used 57963K, capacity 59659K, committed 59816K, reserved 307200K
  class space    used 7536K, capacity 8142K, committed 8192K, reserved 253952K
}
Event: 6.545 GC heap after
{Heap after GC invocations=9 (full 0):
 garbage-first heap   total 262144K, used 85814K [0x00000000e0000000, 0x0000000100000000)
  region size 1024K, 9 young (9216K), 9 survivors (9216K)
 Metaspace       used 57963K, capacity 59659K, committed 59816K, reserved 307200K
  class space    used 7536K, capacity 8142K, committed 8192K, reserved 253952K
}
Event: 7.193 GC heap before
{Heap before GC invocations=10 (full 0):
 garbage-first heap   total 262144K, used 239414K [0x00000000e0000000, 0x0000000100000000)
  region size 1024K, 121 young (123904K), 9 survivors (9216K)
 Metaspace       used 63812K, capacity 65903K, committed 66088K, reserved 311296K
  class space    used 8376K, capacity 9073K, committed 9088K, reserved 253952K
}
Event: 7.202 GC heap after
{Heap after GC invocations=11 (full 0):
 garbage-first heap   total 262144K, used 134865K [0x00000000e0000000, 0x0000000100000000)
  region size 1024K, 16 young (16384K), 16 survivors (16384K)
 Metaspace       used 63812K, capacity 65903K, committed 66088K, reserved 311296K
  class space    used 8376K, capacity 9073K, committed 9088K, reserved 253952K
}

